<?xml version="1.0" encoding="UTF-8"?>
<testng-results ignored="0" total="1" passed="1" failed="0" skipped="0">
  <reporter-output>
  </reporter-output>
  <suite started-at="2023-01-12T10:17:52 IST" name="Default suite" finished-at="2023-01-12T10:18:01 IST" duration-ms="8870">
    <groups>
    </groups>
    <test started-at="2023-01-12T10:17:52 IST" name="Default test" finished-at="2023-01-12T10:18:01 IST" duration-ms="8870">
      <class name="authorization.auth20">
        <test-method signature="oauthAuthentication()[pri:0, instance:authorization.auth20@2cd2a21f]" started-at="2023-01-12T10:17:52 IST" name="oauthAuthentication" finished-at="2023-01-12T10:18:01 IST" duration-ms="8735" status="PASS">
          <reporter-output>
          </reporter-output>
        </test-method> <!-- oauthAuthentication -->
      </class> <!-- authorization.auth20 -->
    </test> <!-- Default test -->
  </suite> <!-- Default suite -->
</testng-results>
